This is pdfTeX, Version 3.141592653-2.6-1.40.22 (TeX Live 2021) (preloaded format=pdflatex 2021.6.23)  10 MAR 2023 17:03
entering extended mode
 restricted \write18 enabled.
 %&-line parsing enabled.
**VEMCOMP.tex
(./VEMCOMP.tex
LaTeX2e <2020-10-01> patch level 4
L3 programming layer <2021-02-18>
(/usr/local/texlive/2021/texmf-dist/tex/latex/base/article.cls
Document Class: article 2020/04/10 v1.4m Standard LaTeX document class
(/usr/local/texlive/2021/texmf-dist/tex/latex/base/size10.clo
File: size10.clo 2020/04/10 v1.4m Standard LaTeX file (size option)
)
\c@part=\count179
\c@section=\count180
\c@subsection=\count181
\c@subsubsection=\count182
\c@paragraph=\count183
\c@subparagraph=\count184
\c@figure=\count185
\c@table=\count186
\abovecaptionskip=\skip47
\belowcaptionskip=\skip48
\bibindent=\dimen138
)
(/usr/local/texlive/2021/texmf-dist/tex/latex/geometry/geometry.sty
Package: geometry 2020/01/02 v5.9 Page Geometry

(/usr/local/texlive/2021/texmf-dist/tex/latex/graphics/keyval.sty
Package: keyval 2014/10/28 v1.15 key=value parser (DPC)
\KV@toks@=\toks15
)
(/usr/local/texlive/2021/texmf-dist/tex/generic/iftex/ifvtex.sty
Package: ifvtex 2019/10/25 v1.7 ifvtex legacy package. Use iftex instead.

(/usr/local/texlive/2021/texmf-dist/tex/generic/iftex/iftex.sty
Package: iftex 2020/03/06 v1.0d TeX engine tests
))
\Gm@cnth=\count187
\Gm@cntv=\count188
\c@Gm@tempcnt=\count189
\Gm@bindingoffset=\dimen139
\Gm@wd@mp=\dimen140
\Gm@odd@mp=\dimen141
\Gm@even@mp=\dimen142
\Gm@layoutwidth=\dimen143
\Gm@layoutheight=\dimen144
\Gm@layouthoffset=\dimen145
\Gm@layoutvoffset=\dimen146
\Gm@dimlist=\toks16
)
(/usr/local/texlive/2021/texmf-dist/tex/latex/amsmath/amsmath.sty
Package: amsmath 2020/09/23 v2.17i AMS math features
\@mathmargin=\skip49

For additional information on amsmath, use the `?' option.
(/usr/local/texlive/2021/texmf-dist/tex/latex/amsmath/amstext.sty
Package: amstext 2000/06/29 v2.01 AMS text

(/usr/local/texlive/2021/texmf-dist/tex/latex/amsmath/amsgen.sty
File: amsgen.sty 1999/11/30 v2.0 generic functions
\@emptytoks=\toks17
\ex@=\dimen147
))
(/usr/local/texlive/2021/texmf-dist/tex/latex/amsmath/amsbsy.sty
Package: amsbsy 1999/11/29 v1.2d Bold Symbols
\pmbraise@=\dimen148
)
(/usr/local/texlive/2021/texmf-dist/tex/latex/amsmath/amsopn.sty
Package: amsopn 2016/03/08 v2.02 operator names
)
\inf@bad=\count190
LaTeX Info: Redefining \frac on input line 234.
\uproot@=\count191
\leftroot@=\count192
LaTeX Info: Redefining \overline on input line 399.
\classnum@=\count193
\DOTSCASE@=\count194
LaTeX Info: Redefining \ldots on input line 496.
LaTeX Info: Redefining \dots on input line 499.
LaTeX Info: Redefining \cdots on input line 620.
\Mathstrutbox@=\box47
\strutbox@=\box48
\big@size=\dimen149
LaTeX Font Info:    Redeclaring font encoding OML on input line 743.
LaTeX Font Info:    Redeclaring font encoding OMS on input line 744.
\macc@depth=\count195
\c@MaxMatrixCols=\count196
\dotsspace@=\muskip16
\c@parentequation=\count197
\dspbrk@lvl=\count198
\tag@help=\toks18
\row@=\count199
\column@=\count266
\maxfields@=\count267
\andhelp@=\toks19
\eqnshift@=\dimen150
\alignsep@=\dimen151
\tagshift@=\dimen152
\tagwidth@=\dimen153
\totwidth@=\dimen154
\lineht@=\dimen155
\@envbody=\toks20
\multlinegap=\skip50
\multlinetaggap=\skip51
\mathdisplay@stack=\toks21
LaTeX Info: Redefining \[ on input line 2923.
LaTeX Info: Redefining \] on input line 2924.
)
(/usr/local/texlive/2021/texmf-dist/tex/latex/amsfonts/amssymb.sty
Package: amssymb 2013/01/14 v3.01 AMS font symbols

(/usr/local/texlive/2021/texmf-dist/tex/latex/amsfonts/amsfonts.sty
Package: amsfonts 2013/01/14 v3.01 Basic AMSFonts support
\symAMSa=\mathgroup4
\symAMSb=\mathgroup5
LaTeX Font Info:    Redeclaring math symbol \hbar on input line 98.
LaTeX Font Info:    Overwriting math alphabet `\mathfrak' in version `bold'
(Font)                  U/euf/m/n --> U/euf/b/n on input line 106.
))
(/usr/local/texlive/2021/texmf-dist/tex/latex/float/float.sty
Package: float 2001/11/08 v1.3d Float enhancements (AL)
\c@float@type=\count268
\float@exts=\toks22
\float@box=\box49
\@float@everytoks=\toks23
\@floatcapt=\box50
)
(/usr/local/texlive/2021/texmf-dist/tex/latex/base/fontenc.sty
Package: fontenc 2020/08/10 v2.0s Standard LaTeX package
)
(/usr/local/texlive/2021/texmf-dist/tex/latex/graphics/graphicx.sty
Package: graphicx 2020/09/09 v1.2b Enhanced LaTeX Graphics (DPC,SPQR)

(/usr/local/texlive/2021/texmf-dist/tex/latex/graphics/graphics.sty
Package: graphics 2020/08/30 v1.4c Standard LaTeX Graphics (DPC,SPQR)

(/usr/local/texlive/2021/texmf-dist/tex/latex/graphics/trig.sty
Package: trig 2016/01/03 v1.10 sin cos tan (DPC)
)
(/usr/local/texlive/2021/texmf-dist/tex/latex/graphics-cfg/graphics.cfg
File: graphics.cfg 2016/06/04 v1.11 sample graphics configuration
)
Package graphics Info: Driver file: pdftex.def on input line 105.

(/usr/local/texlive/2021/texmf-dist/tex/latex/graphics-def/pdftex.def
File: pdftex.def 2020/10/05 v1.2a Graphics/color driver for pdftex
))
\Gin@req@height=\dimen156
\Gin@req@width=\dimen157
)
(/usr/local/texlive/2021/texmf-dist/tex/latex/listings/listings.sty
\lst@mode=\count269
\lst@gtempboxa=\box51
\lst@token=\toks24
\lst@length=\count270
\lst@currlwidth=\dimen158
\lst@column=\count271
\lst@pos=\count272
\lst@lostspace=\dimen159
\lst@width=\dimen160
\lst@newlines=\count273
\lst@lineno=\count274
\lst@maxwidth=\dimen161

(/usr/local/texlive/2021/texmf-dist/tex/latex/listings/lstmisc.sty
File: lstmisc.sty 2020/03/24 1.8d (Carsten Heinz)
\c@lstnumber=\count275
\lst@skipnumbers=\count276
\lst@framebox=\box52
)
(/usr/local/texlive/2021/texmf-dist/tex/latex/listings/listings.cfg
File: listings.cfg 2020/03/24 1.8d listings configuration
))
Package: listings 2020/03/24 1.8d (Carsten Heinz)

(/usr/local/texlive/2021/texmf-dist/tex/latex/xcolor/xcolor.sty
Package: xcolor 2016/05/11 v2.12 LaTeX color extensions (UK)

(/usr/local/texlive/2021/texmf-dist/tex/latex/graphics-cfg/color.cfg
File: color.cfg 2016/01/02 v1.6 sample color configuration
)
Package xcolor Info: Driver file: pdftex.def on input line 225.
Package xcolor Info: Model `cmy' substituted by `cmy0' on input line 1348.
Package xcolor Info: Model `hsb' substituted by `rgb' on input line 1352.
Package xcolor Info: Model `RGB' extended on input line 1364.
Package xcolor Info: Model `HTML' substituted by `rgb' on input line 1366.
Package xcolor Info: Model `Hsb' substituted by `hsb' on input line 1367.
Package xcolor Info: Model `tHsb' substituted by `hsb' on input line 1368.
Package xcolor Info: Model `HSB' substituted by `hsb' on input line 1369.
Package xcolor Info: Model `Gray' substituted by `gray' on input line 1370.
Package xcolor Info: Model `wave' substituted by `hsb' on input line 1371.
)
(/usr/local/texlive/2021/texmf-dist/tex/latex/hyperref/hyperref.sty
Package: hyperref 2021-02-27 v7.00k Hypertext links for LaTeX

(/usr/local/texlive/2021/texmf-dist/tex/generic/ltxcmds/ltxcmds.sty
Package: ltxcmds 2020-05-10 v1.25 LaTeX kernel commands for general use (HO)
)
(/usr/local/texlive/2021/texmf-dist/tex/generic/pdftexcmds/pdftexcmds.sty
Package: pdftexcmds 2020-06-27 v0.33 Utility functions of pdfTeX for LuaTeX (HO
)

(/usr/local/texlive/2021/texmf-dist/tex/generic/infwarerr/infwarerr.sty
Package: infwarerr 2019/12/03 v1.5 Providing info/warning/error messages (HO)
)
Package pdftexcmds Info: \pdf@primitive is available.
Package pdftexcmds Info: \pdf@ifprimitive is available.
Package pdftexcmds Info: \pdfdraftmode found.
)
(/usr/local/texlive/2021/texmf-dist/tex/generic/kvsetkeys/kvsetkeys.sty
Package: kvsetkeys 2019/12/15 v1.18 Key value parser (HO)
)
(/usr/local/texlive/2021/texmf-dist/tex/generic/kvdefinekeys/kvdefinekeys.sty
Package: kvdefinekeys 2019-12-19 v1.6 Define keys (HO)
)
(/usr/local/texlive/2021/texmf-dist/tex/generic/pdfescape/pdfescape.sty
Package: pdfescape 2019/12/09 v1.15 Implements pdfTeX's escape features (HO)
)
(/usr/local/texlive/2021/texmf-dist/tex/latex/hycolor/hycolor.sty
Package: hycolor 2020-01-27 v1.10 Color options for hyperref/bookmark (HO)
)
(/usr/local/texlive/2021/texmf-dist/tex/latex/letltxmacro/letltxmacro.sty
Package: letltxmacro 2019/12/03 v1.6 Let assignment for LaTeX macros (HO)
)
(/usr/local/texlive/2021/texmf-dist/tex/latex/auxhook/auxhook.sty
Package: auxhook 2019-12-17 v1.6 Hooks for auxiliary files (HO)
)
(/usr/local/texlive/2021/texmf-dist/tex/latex/kvoptions/kvoptions.sty
Package: kvoptions 2020-10-07 v3.14 Key value format for package options (HO)
)
\@linkdim=\dimen162
\Hy@linkcounter=\count277
\Hy@pagecounter=\count278

(/usr/local/texlive/2021/texmf-dist/tex/latex/hyperref/pd1enc.def
File: pd1enc.def 2021-02-27 v7.00k Hyperref: PDFDocEncoding definition (HO)
Now handling font encoding PD1 ...
... no UTF-8 mapping file for font encoding PD1
)
(/usr/local/texlive/2021/texmf-dist/tex/latex/hyperref/hyperref-langpatches.def
File: hyperref-langpatches.def 2021-02-27 v7.00k Hyperref: patches for babel la
nguages
) (/usr/local/texlive/2021/texmf-dist/tex/generic/intcalc/intcalc.sty
Package: intcalc 2019/12/15 v1.3 Expandable calculations with integers (HO)
)
(/usr/local/texlive/2021/texmf-dist/tex/generic/etexcmds/etexcmds.sty
Package: etexcmds 2019/12/15 v1.7 Avoid name clashes with e-TeX commands (HO)
)
\Hy@SavedSpaceFactor=\count279

(/usr/local/texlive/2021/texmf-dist/tex/latex/hyperref/puenc.def
File: puenc.def 2021-02-27 v7.00k Hyperref: PDF Unicode definition (HO)
Now handling font encoding PU ...
... no UTF-8 mapping file for font encoding PU
)
Package hyperref Info: Hyper figures OFF on input line 4192.
Package hyperref Info: Link nesting OFF on input line 4197.
Package hyperref Info: Hyper index ON on input line 4200.
Package hyperref Info: Plain pages OFF on input line 4207.
Package hyperref Info: Backreferencing OFF on input line 4212.
Package hyperref Info: Implicit mode ON; LaTeX internals redefined.
Package hyperref Info: Bookmarks ON on input line 4445.
\c@Hy@tempcnt=\count280

(/usr/local/texlive/2021/texmf-dist/tex/latex/url/url.sty
\Urlmuskip=\muskip17
Package: url 2013/09/16  ver 3.4  Verb mode for urls, etc.
)
LaTeX Info: Redefining \url on input line 4804.
\XeTeXLinkMargin=\dimen163

(/usr/local/texlive/2021/texmf-dist/tex/generic/bitset/bitset.sty
Package: bitset 2019/12/09 v1.3 Handle bit-vector datatype (HO)

(/usr/local/texlive/2021/texmf-dist/tex/generic/bigintcalc/bigintcalc.sty
Package: bigintcalc 2019/12/15 v1.5 Expandable calculations on big integers (HO
)
))
\Fld@menulength=\count281
\Field@Width=\dimen164
\Fld@charsize=\dimen165
Package hyperref Info: Hyper figures OFF on input line 6075.
Package hyperref Info: Link nesting OFF on input line 6080.
Package hyperref Info: Hyper index ON on input line 6083.
Package hyperref Info: backreferencing OFF on input line 6090.
Package hyperref Info: Link coloring OFF on input line 6095.
Package hyperref Info: Link coloring with OCG OFF on input line 6100.
Package hyperref Info: PDF/A mode OFF on input line 6105.
LaTeX Info: Redefining \ref on input line 6145.
LaTeX Info: Redefining \pageref on input line 6149.

(/usr/local/texlive/2021/texmf-dist/tex/latex/base/atbegshi-ltx.sty
Package: atbegshi-ltx 2020/08/17 v1.0a Emulation of the original atbegshi packa
ge
with kernel methods
)
\Hy@abspage=\count282
\c@Item=\count283
\c@Hfootnote=\count284
)
Package hyperref Info: Driver (autodetected): hpdftex.

(/usr/local/texlive/2021/texmf-dist/tex/latex/hyperref/hpdftex.def
File: hpdftex.def 2021-02-27 v7.00k Hyperref driver for pdfTeX

(/usr/local/texlive/2021/texmf-dist/tex/latex/base/atveryend-ltx.sty
Package: atveryend-ltx 2020/08/19 v1.0a Emulation of the original atvery packag
e
with kernel methods
)
\Fld@listcount=\count285
\c@bookmark@seq@number=\count286

(/usr/local/texlive/2021/texmf-dist/tex/latex/rerunfilecheck/rerunfilecheck.sty
Package: rerunfilecheck 2019/12/05 v1.9 Rerun checks for auxiliary files (HO)

(/usr/local/texlive/2021/texmf-dist/tex/generic/uniquecounter/uniquecounter.sty
Package: uniquecounter 2019/12/15 v1.4 Provide unlimited unique counter (HO)
)
Package uniquecounter Info: New unique counter `rerunfilecheck' on input line 2
86.
)
\Hy@SectionHShift=\skip52
)
(/usr/local/texlive/2021/texmf-dist/tex/latex/l3backend/l3backend-pdftex.def
File: l3backend-pdftex.def 2021-03-18 L3 backend support: PDF output (pdfTeX)
\l__color_backend_stack_int=\count287
\l__pdf_internal_box=\box53
)
(./VEMCOMP.aux)
\openout1 = `VEMCOMP.aux'.

LaTeX Font Info:    Checking defaults for OML/cmm/m/it on input line 21.
LaTeX Font Info:    ... okay on input line 21.
LaTeX Font Info:    Checking defaults for OMS/cmsy/m/n on input line 21.
LaTeX Font Info:    ... okay on input line 21.
LaTeX Font Info:    Checking defaults for OT1/cmr/m/n on input line 21.
LaTeX Font Info:    ... okay on input line 21.
LaTeX Font Info:    Checking defaults for T1/cmr/m/n on input line 21.
LaTeX Font Info:    ... okay on input line 21.
LaTeX Font Info:    Checking defaults for TS1/cmr/m/n on input line 21.
LaTeX Font Info:    ... okay on input line 21.
LaTeX Font Info:    Checking defaults for OMX/cmex/m/n on input line 21.
LaTeX Font Info:    ... okay on input line 21.
LaTeX Font Info:    Checking defaults for U/cmr/m/n on input line 21.
LaTeX Font Info:    ... okay on input line 21.
LaTeX Font Info:    Checking defaults for PD1/pdf/m/n on input line 21.
LaTeX Font Info:    ... okay on input line 21.
LaTeX Font Info:    Checking defaults for PU/pdf/m/n on input line 21.
LaTeX Font Info:    ... okay on input line 21.

*geometry* driver: auto-detecting
*geometry* detected driver: pdftex
*geometry* verbose mode - [ preamble ] result:
* driver: pdftex
* paper: a4paper
* layout: <same size as paper>
* layoutoffset:(h,v)=(0.0pt,0.0pt)
* modes: 
* h-part:(L,W,R)=(85.35826pt, 426.79135pt, 85.35826pt)
* v-part:(T,H,B)=(85.35826pt, 674.33032pt, 85.35826pt)
* \paperwidth=597.50787pt
* \paperheight=845.04684pt
* \textwidth=426.79135pt
* \textheight=674.33032pt
* \oddsidemargin=13.08827pt
* \evensidemargin=13.08827pt
* \topmargin=-23.91173pt
* \headheight=12.0pt
* \headsep=25.0pt
* \topskip=10.0pt
* \footskip=30.0pt
* \marginparwidth=57.0pt
* \marginparsep=11.0pt
* \columnsep=10.0pt
* \skip\footins=9.0pt plus 4.0pt minus 2.0pt
* \hoffset=0.0pt
* \voffset=0.0pt
* \mag=1000
* \@twocolumnfalse
* \@twosidefalse
* \@mparswitchfalse
* \@reversemarginfalse
* (1in=72.27pt=25.4mm, 1cm=28.453pt)

(/usr/local/texlive/2021/texmf-dist/tex/context/base/mkii/supp-pdf.mkii
[Loading MPS to PDF converter (version 2006.09.02).]
\scratchcounter=\count288
\scratchdimen=\dimen166
\scratchbox=\box54
\nofMPsegments=\count289
\nofMParguments=\count290
\everyMPshowfont=\toks25
\MPscratchCnt=\count291
\MPscratchDim=\dimen167
\MPnumerator=\count292
\makeMPintoPDFobject=\count293
\everyMPtoPDFconversion=\toks26
) (/usr/local/texlive/2021/texmf-dist/tex/latex/epstopdf-pkg/epstopdf-base.sty
Package: epstopdf-base 2020-01-24 v2.11 Base part for package epstopdf
Package epstopdf-base Info: Redefining graphics rule for `.eps' on input line 4
85.

(/usr/local/texlive/2021/texmf-dist/tex/latex/latexconfig/epstopdf-sys.cfg
File: epstopdf-sys.cfg 2010/07/13 v1.3 Configuration of (r)epstopdf for TeX Liv
e
))
\c@lstlisting=\count294
Package hyperref Info: Link coloring OFF on input line 21.

(/usr/local/texlive/2021/texmf-dist/tex/latex/hyperref/nameref.sty
Package: nameref 2021-04-02 v2.47 Cross-referencing by name of section

(/usr/local/texlive/2021/texmf-dist/tex/latex/refcount/refcount.sty
Package: refcount 2019/12/15 v3.6 Data extraction from label references (HO)
)
(/usr/local/texlive/2021/texmf-dist/tex/generic/gettitlestring/gettitlestring.s
ty
Package: gettitlestring 2019/12/15 v1.6 Cleanup title references (HO)
)
\c@section@level=\count295
)
LaTeX Info: Redefining \ref on input line 21.
LaTeX Info: Redefining \pageref on input line 21.
LaTeX Info: Redefining \nameref on input line 21.
 (./VEMCOMP.out) (./VEMCOMP.out)
\@outlinefile=\write3
\openout3 = `VEMCOMP.out'.

LaTeX Font Info:    Trying to load font information for U+msa on input line 27.


(/usr/local/texlive/2021/texmf-dist/tex/latex/amsfonts/umsa.fd
File: umsa.fd 2013/01/14 v3.01 AMS symbols A
)
LaTeX Font Info:    Trying to load font information for U+msb on input line 27.


(/usr/local/texlive/2021/texmf-dist/tex/latex/amsfonts/umsb.fd
File: umsb.fd 2013/01/14 v3.01 AMS symbols B
) [1

{/usr/local/texlive/2021/texmf-var/fonts/map/pdftex/updmap/pdftex.map}]
LaTeX Font Info:    Trying to load font information for T1+cmtt on input line 5
2.

(/usr/local/texlive/2021/texmf-dist/tex/latex/base/t1cmtt.fd
File: t1cmtt.fd 2019/12/16 v2.5j Standard LaTeX font definitions
)

Package amsfonts Warning: Obsolete command \bold; \mathbf should be used instea
d on input line 83.

[2]
LaTeX Font Info:    Font shape `T1/cmtt/bx/n' in size <12> not available
(Font)              Font shape `T1/cmtt/m/n' tried instead on input line 92.
 [3] [4]
Overfull \hbox (3.04703pt too wide) in paragraph at lines 168--170
\T1/cmr/m/n/10 Upon ini-tial-i-sa-tion, the ob-ject stores \T1/cmtt/m/n/10 P \T
1/cmr/m/n/10 and \T1/cmtt/m/n/10 P0 \T1/cmr/m/n/10 and au-to-mat-i-cally com-pu
tes sev-eral other \T1/cmtt/m/n/10 properties
 []

[5] [6] [7] [8] [9] [10]
Overfull \hbox (33.00082pt too wide) in paragraph at lines 600--601
[][][][][][][][][][][][][][][][][][][][][][][][][][][][][][][][][] 
 []


Overfull \hbox (33.00082pt too wide) in paragraph at lines 601--602
[][][][][][][][][][][][][][][][][][][][][][][][][][][][][][][][][] 
 []


Overfull \hbox (33.00082pt too wide) in paragraph at lines 602--603
[][][][][][][][][][][][][][][][][][][][][][][][][][][][][][][][][] 
 []


Overfull \hbox (33.00082pt too wide) in paragraph at lines 603--604
[][][][][][][][][][][][][][][][][][][][][][][][][][][][][][][][][] 
 []


Overfull \hbox (33.00082pt too wide) in paragraph at lines 604--605
[][][][][][][][][][][][][][][][][][][][][][][][][][][][][][][][][] 
 []


Overfull \hbox (33.00082pt too wide) in paragraph at lines 605--606
[][][][][][][][][][][][][][][][][][][][][][][][][][][][][][][][][] 
 []


Overfull \hbox (33.00082pt too wide) in paragraph at lines 606--607
[][][][][][][][][][][][][][][][][][][][][][][][][][][][][][][][][] 
 []


Overfull \hbox (33.00082pt too wide) in paragraph at lines 607--609
[][][][][][][][][][][][][][][][][][][][][][][][][][][][][][][][][] 
 []

[11]
Package epstopdf Info: Source file: <laplace3dcube_numsol_Nx46.eps>
(epstopdf)                    date: 2021-09-15 00:50:55
(epstopdf)                    size: 235897 bytes
(epstopdf)             Output file: <laplace3dcube_numsol_Nx46-eps-converted-to
.pdf>
(epstopdf)                    date: 2021-09-15 00:53:56
(epstopdf)                    size: 177670 bytes
(epstopdf)             Command: <repstopdf --outfile=laplace3dcube_numsol_Nx46-
eps-converted-to.pdf laplace3dcube_numsol_Nx46.eps>
(epstopdf)             \includegraphics on input line 682.
Package epstopdf Info: Output file is already uptodate.
<laplace3dcube_numsol_Nx46-eps-converted-to.pdf, id=472, 562.1pt x 421.575pt>
File: laplace3dcube_numsol_Nx46-eps-converted-to.pdf Graphic file (type pdf)
<use laplace3dcube_numsol_Nx46-eps-converted-to.pdf>
Package pdftex.def Info: laplace3dcube_numsol_Nx46-eps-converted-to.pdf  used o
n input line 682.
(pdftex.def)             Requested size: 281.04932pt x 210.78697pt.
 [12]
Package epstopdf Info: Source file: <extruded_mesh_sphere.eps>
(epstopdf)                    date: 2021-09-21 11:38:05
(epstopdf)                    size: 75038 bytes
(epstopdf)             Output file: <extruded_mesh_sphere-eps-converted-to.pdf>

(epstopdf)                    date: 2021-09-21 11:38:46
(epstopdf)                    size: 70383 bytes
(epstopdf)             Command: <repstopdf --outfile=extruded_mesh_sphere-eps-c
onverted-to.pdf extruded_mesh_sphere.eps>
(epstopdf)             \includegraphics on input line 707.
Package epstopdf Info: Output file is already uptodate.
<extruded_mesh_sphere-eps-converted-to.pdf, id=488, 562.1pt x 421.575pt>
File: extruded_mesh_sphere-eps-converted-to.pdf Graphic file (type pdf)
<use extruded_mesh_sphere-eps-converted-to.pdf>
Package pdftex.def Info: extruded_mesh_sphere-eps-converted-to.pdf  used on inp
ut line 707.
(pdftex.def)             Requested size: 281.04932pt x 210.78697pt.
 [13 <./laplace3dcube_numsol_Nx46-eps-converted-to.pdf>]
Package epstopdf Info: Source file: <laplace3dsphere_Nx41.eps>
(epstopdf)                    date: 2021-09-24 20:05:14
(epstopdf)                    size: 82955 bytes
(epstopdf)             Output file: <laplace3dsphere_Nx41-eps-converted-to.pdf>

(epstopdf)                    date: 2021-09-24 20:06:24
(epstopdf)                    size: 108196 bytes
(epstopdf)             Command: <repstopdf --outfile=laplace3dsphere_Nx41-eps-c
onverted-to.pdf laplace3dsphere_Nx41.eps>
(epstopdf)             \includegraphics on input line 730.
Package epstopdf Info: Output file is already uptodate.
<laplace3dsphere_Nx41-eps-converted-to.pdf, id=506, 562.1pt x 421.575pt>
File: laplace3dsphere_Nx41-eps-converted-to.pdf Graphic file (type pdf)
<use laplace3dsphere_Nx41-eps-converted-to.pdf>
Package pdftex.def Info: laplace3dsphere_Nx41-eps-converted-to.pdf  used on inp
ut line 730.
(pdftex.def)             Requested size: 281.04932pt x 210.78697pt.
 [14 <./extruded_mesh_sphere-eps-converted-to.pdf>] [15 <./laplace3dsphere_Nx41
-eps-converted-to.pdf>]
Package epstopdf Info: Source file: <bs_3d_sphere_nx41_u.eps>
(epstopdf)                    date: 2021-09-24 19:52:31
(epstopdf)                    size: 81966 bytes
(epstopdf)             Output file: <bs_3d_sphere_nx41_u-eps-converted-to.pdf>
(epstopdf)                    date: 2021-09-24 19:52:38
(epstopdf)                    size: 112178 bytes
(epstopdf)             Command: <repstopdf --outfile=bs_3d_sphere_nx41_u-eps-co
nverted-to.pdf bs_3d_sphere_nx41_u.eps>
(epstopdf)             \includegraphics on input line 775.
Package epstopdf Info: Output file is already uptodate.
<bs_3d_sphere_nx41_u-eps-converted-to.pdf, id=541, 562.1pt x 421.575pt>
File: bs_3d_sphere_nx41_u-eps-converted-to.pdf Graphic file (type pdf)
<use bs_3d_sphere_nx41_u-eps-converted-to.pdf>
Package pdftex.def Info: bs_3d_sphere_nx41_u-eps-converted-to.pdf  used on inpu
t line 775.
(pdftex.def)             Requested size: 224.83601pt x 168.627pt.
Package epstopdf Info: Source file: <bs_3d_sphere_nx41_v.eps>
(epstopdf)                    date: 2021-09-24 19:47:30
(epstopdf)                    size: 99111 bytes
(epstopdf)             Output file: <bs_3d_sphere_nx41_v-eps-converted-to.pdf>
(epstopdf)                    date: 2021-09-24 19:49:28
(epstopdf)                    size: 122806 bytes
(epstopdf)             Command: <repstopdf --outfile=bs_3d_sphere_nx41_v-eps-co
nverted-to.pdf bs_3d_sphere_nx41_v.eps>
(epstopdf)             \includegraphics on input line 777.
Package epstopdf Info: Output file is already uptodate.
<bs_3d_sphere_nx41_v-eps-converted-to.pdf, id=542, 562.1pt x 421.575pt>
File: bs_3d_sphere_nx41_v-eps-converted-to.pdf Graphic file (type pdf)
<use bs_3d_sphere_nx41_v-eps-converted-to.pdf>
Package pdftex.def Info: bs_3d_sphere_nx41_v-eps-converted-to.pdf  used on inpu
t line 777.
(pdftex.def)             Requested size: 224.83601pt x 168.627pt.
 [16 <./bs_3d_sphere_nx41_u-eps-converted-to.pdf> <./bs_3d_sphere_nx41_v-eps-co
nverted-to.pdf>]
Package epstopdf Info: Source file: <bs_3d_sphere_nx41_parabolic_u.eps>
(epstopdf)                    date: 2021-10-01 19:14:04
(epstopdf)                    size: 89551 bytes
(epstopdf)             Output file: <bs_3d_sphere_nx41_parabolic_u-eps-converte
d-to.pdf>
(epstopdf)                    date: 2021-10-01 19:16:01
(epstopdf)                    size: 113816 bytes
(epstopdf)             Command: <repstopdf --outfile=bs_3d_sphere_nx41_paraboli
c_u-eps-converted-to.pdf bs_3d_sphere_nx41_parabolic_u.eps>
(epstopdf)             \includegraphics on input line 819.
Package epstopdf Info: Output file is already uptodate.
<bs_3d_sphere_nx41_parabolic_u-eps-converted-to.pdf, id=568, 562.1pt x 421.575p
t>
File: bs_3d_sphere_nx41_parabolic_u-eps-converted-to.pdf Graphic file (type pdf
)
<use bs_3d_sphere_nx41_parabolic_u-eps-converted-to.pdf>
Package pdftex.def Info: bs_3d_sphere_nx41_parabolic_u-eps-converted-to.pdf  us
ed on input line 819.
(pdftex.def)             Requested size: 224.83601pt x 168.627pt.
Package epstopdf Info: Source file: <bs_3d_sphere_nx41_parabolic_v.eps>
(epstopdf)                    date: 2021-10-01 19:14:54
(epstopdf)                    size: 94423 bytes
(epstopdf)             Output file: <bs_3d_sphere_nx41_parabolic_v-eps-converte
d-to.pdf>
(epstopdf)                    date: 2021-10-01 19:16:02
(epstopdf)                    size: 119640 bytes
(epstopdf)             Command: <repstopdf --outfile=bs_3d_sphere_nx41_paraboli
c_v-eps-converted-to.pdf bs_3d_sphere_nx41_parabolic_v.eps>
(epstopdf)             \includegraphics on input line 821.
Package epstopdf Info: Output file is already uptodate.
<bs_3d_sphere_nx41_parabolic_v-eps-converted-to.pdf, id=569, 562.1pt x 421.575p
t>
File: bs_3d_sphere_nx41_parabolic_v-eps-converted-to.pdf Graphic file (type pdf
)
<use bs_3d_sphere_nx41_parabolic_v-eps-converted-to.pdf>
Package pdftex.def Info: bs_3d_sphere_nx41_parabolic_v-eps-converted-to.pdf  us
ed on input line 821.
(pdftex.def)             Requested size: 224.83601pt x 168.627pt.
 (./VEMCOMP.bbl [17 <./bs_3d_sphere_nx41_parabolic_u-eps-converted-to.pdf> <./b
s_3d_sphere_nx41_parabolic_v-eps-converted-to.pdf>]
[18] [19]) [20] (./VEMCOMP.aux)

Package rerunfilecheck Warning: File `VEMCOMP.out' has changed.
(rerunfilecheck)                Rerun to get outlines right
(rerunfilecheck)                or use package `bookmark'.

Package rerunfilecheck Info: Checksums for `VEMCOMP.out':
(rerunfilecheck)             Before: 55623306D2E2F320C16B7D64FC74146D;4353
(rerunfilecheck)             After:  4032C2FC1C2B598D430CDB98ED7D1137;4623.
 ) 
Here is how much of TeX's memory you used:
 12105 strings out of 478994
 172059 string characters out of 5858184
 582542 words of memory out of 5000000
 29126 multiletter control sequences out of 15000+600000
 424814 words of font info for 85 fonts, out of 8000000 for 9000
 1141 hyphenation exceptions out of 8191
 71i,20n,74p,903b,1777s stack positions out of 5000i,500n,10000p,200000b,80000s
{/usr/local/texlive/2021/texmf-dist/fonts/enc/dvips/cm-super/cm-super-t1.enc}
{/usr/local/texlive/2021/texmf-dist/fonts/enc/dvips/cm-super/cm-super-ts1.enc}<
/usr/local/texlive/2021/texmf-dist/fonts/type1/public/amsfonts/cm/cmbx10.pfb></
usr/local/texlive/2021/texmf-dist/fonts/type1/public/amsfonts/cm/cmbx7.pfb></us
r/local/texlive/2021/texmf-dist/fonts/type1/public/amsfonts/cm/cmex10.pfb></usr
/local/texlive/2021/texmf-dist/fonts/type1/public/amsfonts/cm/cmmi10.pfb></usr/
local/texlive/2021/texmf-dist/fonts/type1/public/amsfonts/cm/cmmi5.pfb></usr/lo
cal/texlive/2021/texmf-dist/fonts/type1/public/amsfonts/cm/cmmi7.pfb></usr/loca
l/texlive/2021/texmf-dist/fonts/type1/public/amsfonts/cm/cmmi9.pfb></usr/local/
texlive/2021/texmf-dist/fonts/type1/public/amsfonts/cm/cmmib10.pfb></usr/local/
texlive/2021/texmf-dist/fonts/type1/public/amsfonts/cm/cmr10.pfb></usr/local/te
xlive/2021/texmf-dist/fonts/type1/public/amsfonts/cm/cmr7.pfb></usr/local/texli
ve/2021/texmf-dist/fonts/type1/public/amsfonts/cm/cmr9.pfb></usr/local/texlive/
2021/texmf-dist/fonts/type1/public/amsfonts/cm/cmsy10.pfb></usr/local/texlive/2
021/texmf-dist/fonts/type1/public/amsfonts/cm/cmsy7.pfb></usr/local/texlive/202
1/texmf-dist/fonts/type1/public/amsfonts/symbols/msbm10.pfb></usr/local/texlive
/2021/texmf-dist/fonts/type1/public/cm-super/sfbx0900.pfb></usr/local/texlive/2
021/texmf-dist/fonts/type1/public/cm-super/sfbx1000.pfb></usr/local/texlive/202
1/texmf-dist/fonts/type1/public/cm-super/sfbx1200.pfb></usr/local/texlive/2021/
texmf-dist/fonts/type1/public/cm-super/sfbx1440.pfb></usr/local/texlive/2021/te
xmf-dist/fonts/type1/public/cm-super/sfrm0900.pfb></usr/local/texlive/2021/texm
f-dist/fonts/type1/public/cm-super/sfrm1000.pfb></usr/local/texlive/2021/texmf-
dist/fonts/type1/public/cm-super/sfrm1200.pfb></usr/local/texlive/2021/texmf-di
st/fonts/type1/public/cm-super/sfrm1728.pfb></usr/local/texlive/2021/texmf-dist
/fonts/type1/public/cm-super/sfti1000.pfb></usr/local/texlive/2021/texmf-dist/f
onts/type1/public/cm-super/sftt0800.pfb></usr/local/texlive/2021/texmf-dist/fon
ts/type1/public/cm-super/sftt1000.pfb></usr/local/texlive/2021/texmf-dist/fonts
/type1/public/cm-super/sftt1200.pfb>
Output written on VEMCOMP.pdf (20 pages, 1249195 bytes).
PDF statistics:
 805 PDF objects out of 1000 (max. 8388607)
 706 compressed objects within 8 object streams
 284 named destinations out of 1000 (max. 500000)
 196 words of extra memory for PDF output out of 10000 (max. 10000000)

